-------------------------------------------------------------------------------
Test set: EMBDI.TripartiteWeightedGraphWithSource.SampledTripartiteEmbeddingViaWord2VecTest
-------------------------------------------------------------------------------
Tests run: 1, Failures: 0, Errors: 1, Skipped: 0, Time elapsed: 186.606 sec <<< FAILURE! - in EMBDI.TripartiteWeightedGraphWithSource.SampledTripartiteEmbeddingViaWord2VecTest
train(EMBDI.TripartiteWeightedGraphWithSource.SampledTripartiteEmbeddingViaWord2VecTest)  Time elapsed: 186.605 sec  <<< ERROR!
java.lang.OutOfMemoryError: Requested array size exceeds VM limit
	at java.util.AbstractCollection.toArray(AbstractCollection.java:136)
	at java.util.ArrayList.<init>(ArrayList.java:178)
	at com.google.common.collect.Lists.newArrayList(Lists.java:144)
	at com.google.common.collect.ImmutableSortedMultiset.copyOf(ImmutableSortedMultiset.java:265)
	at com.google.common.collect.ImmutableSortedMultiset.copyOf(ImmutableSortedMultiset.java:209)
	at com.medallia.word2vec.Word2VecTrainer.filterAndSort(Word2VecTrainer.java:53)
	at com.medallia.word2vec.Word2VecTrainer.train(Word2VecTrainer.java:83)
	at com.medallia.word2vec.Word2VecTrainerBuilder.train(Word2VecTrainerBuilder.java:243)
	at EMBDI.TripartiteWeightedGraphWithSource.SampledTripartiteEmbeddingViaWord2Vec.train(SampledTripartiteEmbeddingViaWord2Vec.java:41)
	at EMBDI.TripartiteWeightedGraphWithSource.SampledTripartiteEmbeddingViaWord2VecTest.train(SampledTripartiteEmbeddingViaWord2VecTest.java:36)

